c:\users\ксения\documents\универ дз\4 сем\aisd\ford_and_fulkerson_lab4.4\ford_and_fulkerson_lab\ford_and_fulkerson_lab\debug\ford_and_fulkerson_lab.pdb
c:\users\ксения\documents\универ дз\4 сем\aisd\ford_and_fulkerson_lab4.4\ford_and_fulkerson_lab\ford_and_fulkerson_lab\debug\ford_and_fulkerson_lab.idb
c:\users\ксения\documents\универ дз\4 сем\aisd\ford_and_fulkerson_lab4.4\ford_and_fulkerson_lab\ford_and_fulkerson_lab\debug\ford_and_fulkerson_lab.obj
c:\users\ксения\documents\универ дз\4 сем\aisd\ford_and_fulkerson_lab4.4\ford_and_fulkerson_lab\ford_and_fulkerson_lab\debug\ford_and_fulkerson.obj
c:\users\ксения\documents\универ дз\4 сем\aisd\ford_and_fulkerson_lab4.4\ford_and_fulkerson_lab\ford_and_fulkerson_lab\debug\duallist.obj
c:\users\ксения\documents\универ дз\4 сем\aisd\ford_and_fulkerson_lab4.4\ford_and_fulkerson_lab\debug\ford_and_fulkerson_lab.lib
c:\users\ксения\documents\универ дз\4 сем\aisd\ford_and_fulkerson_lab4.4\ford_and_fulkerson_lab\debug\ford_and_fulkerson_lab.ilk
c:\users\ксения\documents\универ дз\4 сем\aisd\ford_and_fulkerson_lab4.4\ford_and_fulkerson_lab\debug\ford_and_fulkerson_lab.exe
c:\users\ксения\documents\универ дз\4 сем\aisd\ford_and_fulkerson_lab4.4\ford_and_fulkerson_lab\debug\ford_and_fulkerson_lab.pdb
c:\users\ксения\documents\универ дз\4 сем\aisd\ford_and_fulkerson_lab4.4\ford_and_fulkerson_lab\ford_and_fulkerson_lab\debug\vc142.idb
c:\users\ксения\documents\универ дз\4 сем\aisd\ford_and_fulkerson_lab4.4\ford_and_fulkerson_lab\ford_and_fulkerson_lab\debug\vc142.pdb
c:\users\ксения\documents\универ дз\4 сем\aisd\ford_and_fulkerson_lab4.4\ford_and_fulkerson_lab\ford_and_fulkerson_lab\debug\ford_and.b5c40228.tlog\cl.command.1.tlog
c:\users\ксения\documents\универ дз\4 сем\aisd\ford_and_fulkerson_lab4.4\ford_and_fulkerson_lab\ford_and_fulkerson_lab\debug\ford_and.b5c40228.tlog\cl.read.1.tlog
c:\users\ксения\documents\универ дз\4 сем\aisd\ford_and_fulkerson_lab4.4\ford_and_fulkerson_lab\ford_and_fulkerson_lab\debug\ford_and.b5c40228.tlog\cl.write.1.tlog
c:\users\ксения\documents\универ дз\4 сем\aisd\ford_and_fulkerson_lab4.4\ford_and_fulkerson_lab\ford_and_fulkerson_lab\debug\ford_and.b5c40228.tlog\ford_and_fulkerson_lab.write.1u.tlog
c:\users\ксения\documents\универ дз\4 сем\aisd\ford_and_fulkerson_lab4.4\ford_and_fulkerson_lab\ford_and_fulkerson_lab\debug\ford_and.b5c40228.tlog\lib-link.read.1.tlog
c:\users\ксения\documents\универ дз\4 сем\aisd\ford_and_fulkerson_lab4.4\ford_and_fulkerson_lab\ford_and_fulkerson_lab\debug\ford_and.b5c40228.tlog\lib-link.write.1.tlog
c:\users\ксения\documents\универ дз\4 сем\aisd\ford_and_fulkerson_lab4.4\ford_and_fulkerson_lab\ford_and_fulkerson_lab\debug\ford_and.b5c40228.tlog\lib.command.1.tlog
c:\users\ксения\documents\универ дз\4 сем\aisd\ford_and_fulkerson_lab4.4\ford_and_fulkerson_lab\ford_and_fulkerson_lab\debug\ford_and.b5c40228.tlog\link.command.1.tlog
c:\users\ксения\documents\универ дз\4 сем\aisd\ford_and_fulkerson_lab4.4\ford_and_fulkerson_lab\ford_and_fulkerson_lab\debug\ford_and.b5c40228.tlog\link.delete.1.tlog
c:\users\ксения\documents\универ дз\4 сем\aisd\ford_and_fulkerson_lab4.4\ford_and_fulkerson_lab\ford_and_fulkerson_lab\debug\ford_and.b5c40228.tlog\link.read.1.tlog
c:\users\ксения\documents\универ дз\4 сем\aisd\ford_and_fulkerson_lab4.4\ford_and_fulkerson_lab\ford_and_fulkerson_lab\debug\ford_and.b5c40228.tlog\link.write.1.tlog
